<?xml version="1.0" encoding="UTF-8"?>
<!-- Generated by org.testng.reporters.JUnitXMLReporter -->
<testsuite hostname="Renjus-MacBook-Pro.local" ignored="0" name="Command line test" tests="3" failures="0" timestamp="05 Oct 2018 11:03:42 GMT" time="11.53" errors="0">
  <testcase name="testApplication" time="11.493" classname="com.tvsnext.cicd.jenkins.AppFunctionTest"/>
  <testcase name="addTest" time="0.002" classname="com.tvsnext.cicd.jenkins.NxtCalcTest"/>
  <testcase name="subtractTest" time="0.0" classname="com.tvsnext.cicd.jenkins.NxtCalcTest"/>
</testsuite> <!-- Command line test -->
